<?xml version="1.0" encoding="UTF-8"?>
<!-- Generated by org.testng.reporters.JUnitReportReporter -->
<testsuite hostname="Swapanpreets-MacBook-Pro.local" name="com.automation.framework.Automation_Framework_example.TestCases" tests="3" failures="0" timestamp="11 Apr 2017 00:44:52 GMT" time="47.258" errors="0">
  <testcase name="MainPageTest" time="29.196" classname="com.automation.framework.Automation_Framework_example.TestCases"/>
  <testcase name="emailSignInPageTest" time="0.317" classname="com.automation.framework.Automation_Framework_example.TestCases"/>
  <testcase name="SignInClickPageTest" time="17.745" classname="com.automation.framework.Automation_Framework_example.TestCases"/>
</testsuite> <!-- com.automation.framework.Automation_Framework_example.TestCases -->
