<?xml version="1.0" encoding="UTF-8"?>
<!-- Generated by org.testng.reporters.JUnitReportReporter -->
<testsuite hostname="Swapanpreets-MacBook-Pro.local" name="com.automation.framework.Automation_Framework_example.rr" tests="3" failures="0" timestamp="10 Apr 2017 08:11:53 GMT" time="17.599" errors="0">
  <testcase name="MainPage" time="9.641" classname="com.automation.framework.Automation_Framework_example.rr"/>
  <testcase name="SignInClick" time="7.637" classname="com.automation.framework.Automation_Framework_example.rr"/>
  <testcase name="emailSignIn" time="0.321" classname="com.automation.framework.Automation_Framework_example.rr"/>
</testsuite> <!-- com.automation.framework.Automation_Framework_example.rr -->
